<?xml version="1.0" encoding="UTF-8"?>
<!-- Generated by org.testng.reporters.JUnitReportReporter -->
<testsuite hostname="Babaji" failures="0" tests="1" name="testClassPackage.Post_TC_1" time="11.327" errors="0" timestamp="2023-05-23T19:59:13 IST" skipped="0">
  <testcase classname="testClassPackage.Post_TC_1" name="execute" time="11.327"/>
  <system-out/>
</testsuite> <!-- testClassPackage.Post_TC_1 -->
